Starting GPU-first pipeline (LightGBM + CatBoost GPU + XGBoost CUDA + guarded experimental stacking)...
Experimental stacks are report-only; final submission_stacked.csv will use the public-safe tree stack.

--- PHASE 0: Feature Engineering ---

==================================================
Running src/features.py...
==================================================
Loading datasets with Polars...
Engineering temporal transaction features...
Engineering daily burstiness features...
Engineering active-day gap features...
Engineering account concentration features...
Engineering financial features...
Engineering demographic features...
Merging features...
Features saved to data/processed/all_features.parquet with shape (11944, 303)

==================================================
Running src/features_rolling.py...
==================================================
Loading datasets for rolling sidecar features...
Building rolling snapshot for cutoff 2014-11-01...
Building rolling snapshot for cutoff 2014-12-01...
Building rolling snapshot for cutoff 2015-01-01...
Building rolling snapshot for cutoff 2015-02-01...
Building rolling snapshot for cutoff 2015-03-01...
Building rolling snapshot for cutoff 2015-04-01...
Building rolling snapshot for cutoff 2015-05-01...
Building rolling snapshot for cutoff 2015-06-01...
Building rolling snapshot for cutoff 2015-07-01...
Building rolling snapshot for cutoff 2015-08-01...
Building rolling snapshot for cutoff 2015-11-01...
Saved rolling training features to data/processed/rolling_train_features.parquet with shape (83600, 313)
Saved rolling production features to data/processed/rolling_production_features.parquet with shape (11944, 308)

--- PHASE 1: Training Base Models & Saving OOF Predictions ---

==================================================
Running src/train.py...
==================================================
Loading data for training...
Merging train labels with engineered features...
Training LightGBM model on 8360 rows and 301 features...
Some validation strata are too small after collapsing; falling back to target-band stratification.
Fold 1 Validation RMSLE: 0.3584
Fold 2 Validation RMSLE: 0.3912
Fold 3 Validation RMSLE: 0.3781
Fold 4 Validation RMSLE: 0.3712
Fold 5 Validation RMSLE: 0.4041
Overall OOF RMSLE: 0.3809
OOF predictions saved to data/processed/oof_lgbm.csv
Models successfully saved to 'models/' directory.

==================================================
Running src/train_cat.py...
==================================================
Loading data for CatBoost training...
Merging train labels with engineered features...
Training CatBoost model on 8360 rows and 301 features...
Some validation strata are too small after collapsing; falling back to target-band stratification.
0:	learn: 1.2303009	test: 1.2341566	best: 1.2341566 (0)	total: 226ms	remaining: 18m 47s
500:	learn: 0.3380144	test: 0.3759461	best: 0.3757688 (490)	total: 1m 19s	remaining: 11m 55s
bestTest = 0.3756668635
bestIteration = 706
Shrink model to first 707 iterations.
Fold 1 Validation RMSLE: 0.3757
0:	learn: 1.2360994	test: 1.2142777	best: 1.2142777 (0)	total: 135ms	remaining: 11m 13s
500:	learn: 0.3336697	test: 0.3979174	best: 0.3977733 (485)	total: 1m 21s	remaining: 12m 7s
bestTest = 0.3977733301
bestIteration = 485
Shrink model to first 486 iterations.
Fold 2 Validation RMSLE: 0.3978
0:	learn: 1.2328078	test: 1.2262152	best: 1.2262152 (0)	total: 145ms	remaining: 12m 5s
500:	learn: 0.3354938	test: 0.3904918	best: 0.3904675 (498)	total: 1m 22s	remaining: 12m 20s
1000:	learn: 0.3092539	test: 0.3867886	best: 0.3867886 (1000)	total: 2m 41s	remaining: 10m 45s
1500:	learn: 0.2943248	test: 0.3852084	best: 0.3851889 (1462)	total: 4m	remaining: 9m 20s
2000:	learn: 0.2836838	test: 0.3843881	best: 0.3843601 (1996)	total: 5m 23s	remaining: 8m 5s
bestTest = 0.3841926096
bestIteration = 2078
Shrink model to first 2079 iterations.
Fold 3 Validation RMSLE: 0.3842
0:	learn: 1.2333825	test: 1.2237298	best: 1.2237298 (0)	total: 188ms	remaining: 15m 37s
500:	learn: 0.3370922	test: 0.3777379	best: 0.3777379 (500)	total: 1m 27s	remaining: 13m 7s
1000:	learn: 0.3042670	test: 0.3727220	best: 0.3726283 (979)	total: 2m 47s	remaining: 11m 8s
1500:	learn: 0.2846411	test: 0.3700409	best: 0.3700397 (1498)	total: 4m 8s	remaining: 9m 38s
bestTest = 0.369375068
bestIteration = 1830
Shrink model to first 1831 iterations.
Fold 4 Validation RMSLE: 0.3694
0:	learn: 1.2242969	test: 1.2580888	best: 1.2580888 (0)	total: 188ms	remaining: 15m 41s
500:	learn: 0.3309368	test: 0.4068145	best: 0.4067361 (484)	total: 1m 19s	remaining: 11m 54s
1000:	learn: 0.3014226	test: 0.4049948	best: 0.4049535 (996)	total: 2m 40s	remaining: 10m 40s
bestTest = 0.4045170794
bestIteration = 1089
Shrink model to first 1090 iterations.
Fold 5 Validation RMSLE: 0.4045
Overall CatBoost OOF RMSLE: 0.3865
OOF predictions saved to data/processed/oof_catboost.csv
CatBoost Models successfully saved to 'models/' directory.

==================================================
Running src/train_xgb.py...
==================================================
Loading data for XGBoost training...
Merging train labels with engineered features...
Training XGBoost model on 8360 rows and 301 features...
Some validation strata are too small after collapsing; falling back to target-band stratification.
[0]	train-rmse:1.24005	val-rmse:1.24423
[500]	train-rmse:0.19013	val-rmse:0.36391
[1000]	train-rmse:0.13242	val-rmse:0.36190
[1196]	train-rmse:0.11317	val-rmse:0.36173
Fold 1 Validation RMSLE: 0.3617
[0]	train-rmse:1.24530	val-rmse:1.22364
[500]	train-rmse:0.18478	val-rmse:0.39027
[729]	train-rmse:0.15578	val-rmse:0.38992
Fold 2 Validation RMSLE: 0.3899
[0]	train-rmse:1.24217	val-rmse:1.23610
[500]	train-rmse:0.18380	val-rmse:0.38243
[930]	train-rmse:0.13253	val-rmse:0.38139
Fold 3 Validation RMSLE: 0.3814
[0]	train-rmse:1.24275	val-rmse:1.23337
[500]	train-rmse:0.18736	val-rmse:0.37546
[1000]	train-rmse:0.12915	val-rmse:0.37376
[1074]	train-rmse:0.12150	val-rmse:0.37393
Fold 4 Validation RMSLE: 0.3739
[0]	train-rmse:1.23402	val-rmse:1.26811
[500]	train-rmse:0.17952	val-rmse:0.40568
[642]	train-rmse:0.16004	val-rmse:0.40587
Fold 5 Validation RMSLE: 0.4059
Overall XGBoost OOF RMSLE: 0.3829
OOF predictions saved to data/processed/oof_xgb.csv

==================================================
Running src/train_xgb_deep.py...
==================================================
Loading data for deep XGBoost training...
Merging train labels with engineered features...
Training deep XGBoost model on 8360 rows and 301 features...
Some validation strata are too small after collapsing; falling back to target-band stratification.
[0]	train-rmse:1.24245	val-rmse:1.24641
[500]	train-rmse:0.22357	val-rmse:0.36713
[1000]	train-rmse:0.16558	val-rmse:0.36331
[1267]	train-rmse:0.14268	val-rmse:0.36341
Fold 1 deep XGBoost Validation RMSLE: 0.3634
[0]	train-rmse:1.24768	val-rmse:1.22586
[500]	train-rmse:0.21734	val-rmse:0.39328
[1000]	train-rmse:0.16091	val-rmse:0.39175
[1012]	train-rmse:0.15996	val-rmse:0.39170
Fold 2 deep XGBoost Validation RMSLE: 0.3917
[0]	train-rmse:1.24456	val-rmse:1.23812
[500]	train-rmse:0.21825	val-rmse:0.38284
[1000]	train-rmse:0.16151	val-rmse:0.37930
[1136]	train-rmse:0.14941	val-rmse:0.37940
Fold 3 deep XGBoost Validation RMSLE: 0.3794
[0]	train-rmse:1.24521	val-rmse:1.23581
[500]	train-rmse:0.21849	val-rmse:0.37757
[1000]	train-rmse:0.16235	val-rmse:0.37495
[1362]	train-rmse:0.13249	val-rmse:0.37497
Fold 4 deep XGBoost Validation RMSLE: 0.3750
[0]	train-rmse:1.23648	val-rmse:1.27063
[500]	train-rmse:0.21290	val-rmse:0.40334
[755]	train-rmse:0.17822	val-rmse:0.40289
Fold 5 deep XGBoost Validation RMSLE: 0.4029
Overall deep XGBoost OOF RMSLE: 0.3827
OOF predictions saved to data/processed/oof_xgb_deep.csv

==================================================
Running src/train_band_moe.py...
==================================================
Training banded mixture-of-experts sidecar with CUDA XGBoost...
Training band_moe on 8360 rows and 301 features...
Target band counts:
  <20: 1382
  20-74: 1980
  75-199: 2886
  200-499: 1827
  500+: 285
Some validation strata are too small after collapsing; falling back to target-band stratification.
--- Band MOE fold 1 ---
[0]	train-mlogloss:1.40656	val-mlogloss:1.40789
[414]	train-mlogloss:0.18258	val-mlogloss:0.42813
[0]	train_band0-rmse:0.53933	val_band0-rmse:0.55046
[500]	train_band0-rmse:0.18422	val_band0-rmse:0.36206
[962]	train_band0-rmse:0.11257	val_band0-rmse:0.35990
[0]	train_band1-rmse:0.37885	val_band1-rmse:0.37684
[327]	train_band1-rmse:0.11291	val_band1-rmse:0.26033
[0]	train_band2-rmse:0.27113	val_band2-rmse:0.27045
[405]	train_band2-rmse:0.05527	val_band2-rmse:0.16673
[0]	train_band3-rmse:0.24005	val_band3-rmse:0.24768
[500]	train_band3-rmse:0.02541	val_band3-rmse:0.14292
[502]	train_band3-rmse:0.02523	val_band3-rmse:0.14294
[0]	train_band4-rmse:0.24290	val_band4-rmse:0.24366
[500]	train_band4-rmse:0.01452	val_band4-rmse:0.14792
[532]	train_band4-rmse:0.01321	val_band4-rmse:0.14784
Fold 1 band_moe RMSLE: 0.3582
--- Band MOE fold 2 ---
[0]	train-mlogloss:1.40576	val-mlogloss:1.40837
[393]	train-mlogloss:0.18173	val-mlogloss:0.46710
[0]	train_band0-rmse:0.54509	val_band0-rmse:0.52679
[251]	train_band0-rmse:0.23409	val_band0-rmse:0.42226
[0]	train_band1-rmse:0.38031	val_band1-rmse:0.37117
[396]	train_band1-rmse:0.10630	val_band1-rmse:0.23585
[0]	train_band2-rmse:0.27148	val_band2-rmse:0.26927
[382]	train_band2-rmse:0.05729	val_band2-rmse:0.17103
[0]	train_band3-rmse:0.24255	val_band3-rmse:0.23742
[253]	train_band3-rmse:0.05352	val_band3-rmse:0.16324
[0]	train_band4-rmse:0.25320	val_band4-rmse:0.19749
[228]	train_band4-rmse:0.04430	val_band4-rmse:0.13267
Fold 2 band_moe RMSLE: 0.3943
--- Band MOE fold 3 ---
[0]	train-mlogloss:1.40657	val-mlogloss:1.40823
[325]	train-mlogloss:0.21051	val-mlogloss:0.45933
[0]	train_band0-rmse:0.54149	val_band0-rmse:0.54044
[433]	train_band0-rmse:0.19147	val_band0-rmse:0.36488
[0]	train_band1-rmse:0.37611	val_band1-rmse:0.38795
[317]	train_band1-rmse:0.11246	val_band1-rmse:0.25825
[0]	train_band2-rmse:0.27037	val_band2-rmse:0.27377
[326]	train_band2-rmse:0.06380	val_band2-rmse:0.17430
[0]	train_band3-rmse:0.24092	val_band3-rmse:0.24368
[375]	train_band3-rmse:0.03740	val_band3-rmse:0.15212
[0]	train_band4-rmse:0.23685	val_band4-rmse:0.26617
[500]	train_band4-rmse:0.01405	val_band4-rmse:0.17337
[667]	train_band4-rmse:0.00924	val_band4-rmse:0.17336
Fold 3 band_moe RMSLE: 0.3839
--- Band MOE fold 4 ---
[0]	train-mlogloss:1.40643	val-mlogloss:1.40818
[365]	train-mlogloss:0.19797	val-mlogloss:0.45393
[0]	train_band0-rmse:0.54864	val_band0-rmse:0.51267
[351]	train_band0-rmse:0.21466	val_band0-rmse:0.36402
[0]	train_band1-rmse:0.37904	val_band1-rmse:0.37649
[362]	train_band1-rmse:0.10979	val_band1-rmse:0.24290
[0]	train_band2-rmse:0.27160	val_band2-rmse:0.26886
[386]	train_band2-rmse:0.06038	val_band2-rmse:0.16016
[0]	train_band3-rmse:0.24109	val_band3-rmse:0.24340
[351]	train_band3-rmse:0.04099	val_band3-rmse:0.15176
[0]	train_band4-rmse:0.24242	val_band4-rmse:0.24644
[500]	train_band4-rmse:0.01670	val_band4-rmse:0.13458
[600]	train_band4-rmse:0.01237	val_band4-rmse:0.13471
Fold 4 band_moe RMSLE: 0.3770
--- Band MOE fold 5 ---
[0]	train-mlogloss:1.40606	val-mlogloss:1.40805
[349]	train-mlogloss:0.20077	val-mlogloss:0.46949
[0]	train_band0-rmse:0.53143	val_band0-rmse:0.58034
[467]	train_band0-rmse:0.18628	val_band0-rmse:0.39624
[0]	train_band1-rmse:0.37734	val_band1-rmse:0.38326
[386]	train_band1-rmse:0.10398	val_band1-rmse:0.24223
[0]	train_band2-rmse:0.27008	val_band2-rmse:0.27490
[345]	train_band2-rmse:0.06359	val_band2-rmse:0.17330
[0]	train_band3-rmse:0.24248	val_band3-rmse:0.23747
[447]	train_band3-rmse:0.02840	val_band3-rmse:0.15257
[0]	train_band4-rmse:0.23857	val_band4-rmse:0.26134
[500]	train_band4-rmse:0.01496	val_band4-rmse:0.15829
[508]	train_band4-rmse:0.01459	val_band4-rmse:0.15828
Fold 5 band_moe RMSLE: 0.4034
Overall band_moe OOF RMSLE: 0.383684
OOF predictions saved to data/processed/oof_band_moe.csv
Band MOE residual band report saved to data/processed/band_moe_residual_bands.csv

==================================================
Running src/train_rolling.py...
==================================================
Loading rolling sidecar feature artifacts...
Some validation strata are too small after collapsing; falling back to target-band stratification.
--- Rolling fold 1 ---
[0]	train-rmse:1.43956	val-rmse:1.25151
[500]	train-rmse:0.36795	val-rmse:0.36711
[943]	train-rmse:0.34528	val-rmse:0.36624
Fold 1 rolling_direct RMSLE: 0.3662
[0]	train-rmse:1.05623
[500]	train-rmse:0.29451
[1000]	train-rmse:0.27351
[1199]	train-rmse:0.26650
[0]	train-rmse:0.38219
[500]	train-rmse:0.11835
[1000]	train-rmse:0.11145
[1199]	train-rmse:0.10917
Fold 1 rolling_decomp RMSLE: 0.3705
[0]	train-rmse:1.43957	val-rmse:1.25144
[500]	train-rmse:0.36772	val-rmse:0.36638
[932]	train-rmse:0.34523	val-rmse:0.36575
[0]	train-logloss:0.53369	val-logloss:0.54985
[500]	train-logloss:0.09894	val-logloss:0.13892
[624]	train-logloss:0.09267	val-logloss:0.13879
[0]	train-rmse:0.34795	val-rmse:0.36196
[500]	train-rmse:0.10919	val-rmse:0.15568
[585]	train-rmse:0.10430	val-rmse:0.15586
Fold 1 rolling_tail200 RMSLE: 0.3631
[0]	train-rmse:1.43959	val-rmse:1.25150
[500]	train-rmse:0.36807	val-rmse:0.36739
[764]	train-rmse:0.35386	val-rmse:0.36671
[0]	train-logloss:0.11248	val-logloss:0.13485
[337]	train-logloss:0.01849	val-logloss:0.03446
[0]	train-rmse:0.22866	val-rmse:0.24455
[463]	train-rmse:0.04118	val-rmse:0.13727
Fold 1 rolling_tail500 RMSLE: 0.3668
--- Rolling fold 2 ---
[0]	train-rmse:1.43826	val-rmse:1.23239
[500]	train-rmse:0.36499	val-rmse:0.39162
[997]	train-rmse:0.34065	val-rmse:0.38895
Fold 2 rolling_direct RMSLE: 0.3890
[0]	train-rmse:1.05298
[500]	train-rmse:0.29196
[1000]	train-rmse:0.27259
[1199]	train-rmse:0.26606
[0]	train-rmse:0.38136
[500]	train-rmse:0.11710
[1000]	train-rmse:0.11045
[1199]	train-rmse:0.10830
Fold 2 rolling_decomp RMSLE: 0.3965
[0]	train-rmse:1.43825	val-rmse:1.23250
[500]	train-rmse:0.36474	val-rmse:0.39413
[1000]	train-rmse:0.33994	val-rmse:0.39112
[1276]	train-rmse:0.32931	val-rmse:0.39091
[0]	train-logloss:0.53244	val-logloss:0.55003
[500]	train-logloss:0.09722	val-logloss:0.14118
[865]	train-logloss:0.08100	val-logloss:0.14017
[0]	train-rmse:0.34733	val-rmse:0.34572
[383]	train-rmse:0.11583	val-rmse:0.17657
Fold 2 rolling_tail200 RMSLE: 0.3887
[0]	train-rmse:1.43831	val-rmse:1.23249
[500]	train-rmse:0.36455	val-rmse:0.39333
[809]	train-rmse:0.34788	val-rmse:0.39162
[0]	train-logloss:0.11319	val-logloss:0.13541
[340]	train-logloss:0.01873	val-logloss:0.04535
[0]	train-rmse:0.23413	val-rmse:0.19444
[320]	train-rmse:0.05360	val-rmse:0.12385
Fold 2 rolling_tail500 RMSLE: 0.3919
--- Rolling fold 3 ---
[0]	train-rmse:1.43914	val-rmse:1.24502
[500]	train-rmse:0.37213	val-rmse:0.38945
[1000]	train-rmse:0.34872	val-rmse:0.38807
[1318]	train-rmse:0.33687	val-rmse:0.38765
Fold 3 rolling_direct RMSLE: 0.3876
[0]	train-rmse:1.05529
[500]	train-rmse:0.29790
[1000]	train-rmse:0.27880
[1199]	train-rmse:0.27246
[0]	train-rmse:0.38125
[500]	train-rmse:0.11880
[1000]	train-rmse:0.11232
[1199]	train-rmse:0.11014
Fold 3 rolling_decomp RMSLE: 0.3943
[0]	train-rmse:1.43915	val-rmse:1.24497
[500]	train-rmse:0.37160	val-rmse:0.38820
[1000]	train-rmse:0.34851	val-rmse:0.38642
[1043]	train-rmse:0.34681	val-rmse:0.38635
[0]	train-logloss:0.52968	val-logloss:0.54956
[416]	train-logloss:0.10273	val-logloss:0.14491
[0]	train-rmse:0.34969	val-rmse:0.36654
[419]	train-rmse:0.11199	val-rmse:0.17237
Fold 3 rolling_tail200 RMSLE: 0.3906
[0]	train-rmse:1.43914	val-rmse:1.24504
[500]	train-rmse:0.37202	val-rmse:0.38798
[924]	train-rmse:0.35208	val-rmse:0.38668
[0]	train-logloss:0.11224	val-logloss:0.13394
[365]	train-logloss:0.01788	val-logloss:0.03141
[0]	train-rmse:0.22980	val-rmse:0.26712
[396]	train-rmse:0.04442	val-rmse:0.17956
Fold 3 rolling_tail500 RMSLE: 0.3866
--- Rolling fold 4 ---
[0]	train-rmse:1.44176	val-rmse:1.24481
[500]	train-rmse:0.36660	val-rmse:0.37532
[777]	train-rmse:0.35182	val-rmse:0.37415
Fold 4 rolling_direct RMSLE: 0.3741
[0]	train-rmse:1.05952
[500]	train-rmse:0.29310
[1000]	train-rmse:0.27303
[1199]	train-rmse:0.26683
[0]	train-rmse:0.38199
[500]	train-rmse:0.11792
[1000]	train-rmse:0.11152
[1199]	train-rmse:0.10948
Fold 4 rolling_decomp RMSLE: 0.3803
[0]	train-rmse:1.44177	val-rmse:1.24474
[500]	train-rmse:0.36609	val-rmse:0.37756
[719]	train-rmse:0.35351	val-rmse:0.37691
[0]	train-logloss:0.52712	val-logloss:0.55055
[500]	train-logloss:0.09541	val-logloss:0.14287
[610]	train-logloss:0.08997	val-logloss:0.14339
[0]	train-rmse:0.34816	val-rmse:0.36907
[500]	train-rmse:0.10727	val-rmse:0.16954
[598]	train-rmse:0.10167	val-rmse:0.16953
Fold 4 rolling_tail200 RMSLE: 0.3780
[0]	train-rmse:1.44176	val-rmse:1.24472
[500]	train-rmse:0.36641	val-rmse:0.37602
[988]	train-rmse:0.34259	val-rmse:0.37494
[0]	train-logloss:0.11034	val-logloss:0.13378
[384]	train-logloss:0.01779	val-logloss:0.03455
[0]	train-rmse:0.23165	val-rmse:0.24662
[500]	train-rmse:0.03764	val-rmse:0.13100
[816]	train-rmse:0.01968	val-rmse:0.13092
Fold 4 rolling_tail500 RMSLE: 0.3758
--- Rolling fold 5 ---
[0]	train-rmse:1.42976	val-rmse:1.27374
[500]	train-rmse:0.36338	val-rmse:0.39787
[680]	train-rmse:0.35294	val-rmse:0.39787
Fold 5 rolling_direct RMSLE: 0.3979
[0]	train-rmse:1.04691
[500]	train-rmse:0.29018
[1000]	train-rmse:0.26869
[1199]	train-rmse:0.26210
[0]	train-rmse:0.37977
[500]	train-rmse:0.11694
[1000]	train-rmse:0.11021
[1199]	train-rmse:0.10797
Fold 5 rolling_decomp RMSLE: 0.4024
[0]	train-rmse:1.42976	val-rmse:1.27359
[500]	train-rmse:0.36314	val-rmse:0.39822
[811]	train-rmse:0.34644	val-rmse:0.39697
[0]	train-logloss:0.53230	val-logloss:0.55072
[312]	train-logloss:0.10922	val-logloss:0.17250
[0]	train-rmse:0.34875	val-rmse:0.36557
[500]	train-rmse:0.10797	val-rmse:0.16884
[616]	train-rmse:0.10154	val-rmse:0.16911
Fold 5 rolling_tail200 RMSLE: 0.3944
[0]	train-rmse:1.42974	val-rmse:1.27364
[500]	train-rmse:0.36333	val-rmse:0.39686
[965]	train-rmse:0.33981	val-rmse:0.39626
[0]	train-logloss:0.11291	val-logloss:0.13517
[312]	train-logloss:0.01997	val-logloss:0.03903
[0]	train-rmse:0.22631	val-rmse:0.26161
[500]	train-rmse:0.03829	val-rmse:0.14118
[623]	train-rmse:0.03072	val-rmse:0.14120
Fold 5 rolling_tail500 RMSLE: 0.3969
rolling_direct OOF RMSLE: 0.383137
Saved OOF predictions to data/processed/oof_rolling_direct.csv
rolling_decomp OOF RMSLE: 0.388959
Saved OOF predictions to data/processed/oof_rolling_decomp.csv
rolling_tail200 OOF RMSLE: 0.383139
Saved OOF predictions to data/processed/oof_rolling_tail200.csv
rolling_tail500 OOF RMSLE: 0.383739
Saved OOF predictions to data/processed/oof_rolling_tail500.csv
Saved rolling OOF score summary to data/processed/rolling_oof_scores.csv
Training final rolling sidecar models on all historical rolling rows...
[0]	train-rmse:1.43776
[500]	train-rmse:0.37286
[843]	train-rmse:0.35612
[0]	train-rmse:1.05421
[500]	train-rmse:0.29843
[1000]	train-rmse:0.28051
[1199]	train-rmse:0.27455
[0]	train-rmse:0.38131
[500]	train-rmse:0.11960
[1000]	train-rmse:0.11380
[1199]	train-rmse:0.11176
[0]	train-rmse:1.43772
[500]	train-rmse:0.37323
[832]	train-rmse:0.35711
[0]	train-logloss:0.53106
[500]	train-logloss:0.10177
[510]	train-logloss:0.10125
[0]	train-rmse:0.34838
[485]	train-rmse:0.11422
[0]	train-rmse:1.43773
[500]	train-rmse:0.37289
[824]	train-rmse:0.35683
[0]	train-logloss:0.11211
[240]	train-logloss:0.02269
[0]	train-rmse:0.23017
[363]	train-rmse:0.05391
Saved rolling model metadata to data/processed/rolling_preprocessor.joblib

==================================================
Running src/train_hightail.py...
==================================================
Training high-tail correction path with threshold >= 200 transactions.
Loading train labels and engineered features...
Some validation strata are too small after collapsing; falling back to target-band stratification.
--- Fold 1 ---
[0]	train-rmse:1.24007	val-rmse:1.24427
[500]	train-rmse:0.21154	val-rmse:0.36599
[1000]	train-rmse:0.15533	val-rmse:0.36291
[1002]	train-rmse:0.15521	val-rmse:0.36290
[0]	train-logloss:0.55006	val-logloss:0.55031
[498]	train-logloss:0.06850	val-logloss:0.14131
[0]	train_high-rmse:0.36121	val_high-rmse:0.36148
[500]	train_high-rmse:0.05433	val_high-rmse:0.15917
[714]	train_high-rmse:0.03603	val_high-rmse:0.15927
Fold 1 general RMSLE: 0.3629
Fold 1 high-tail blend RMSLE: 0.3627
--- Fold 2 ---
[0]	train-rmse:1.24526	val-rmse:1.22352
[500]	train-rmse:0.20552	val-rmse:0.39024
[722]	train-rmse:0.17924	val-rmse:0.38960
[0]	train-logloss:0.55012	val-logloss:0.55044
[456]	train-logloss:0.07120	val-logloss:0.14490
[0]	train_high-rmse:0.36492	val_high-rmse:0.34570
[338]	train_high-rmse:0.07139	val_high-rmse:0.18624
Fold 2 general RMSLE: 0.3896
Fold 2 high-tail blend RMSLE: 0.3893
--- Fold 3 ---
[0]	train-rmse:1.24211	val-rmse:1.23600
[500]	train-rmse:0.20569	val-rmse:0.38237
[995]	train-rmse:0.15080	val-rmse:0.38124
[0]	train-logloss:0.55012	val-logloss:0.54977
[370]	train-logloss:0.08044	val-logloss:0.14467
[0]	train_high-rmse:0.36001	val_high-rmse:0.36615
[500]	train_high-rmse:0.05245	val_high-rmse:0.17616
[607]	train_high-rmse:0.04302	val_high-rmse:0.17623
Fold 3 general RMSLE: 0.3812
Fold 3 high-tail blend RMSLE: 0.3886
--- Fold 4 ---
[0]	train-rmse:1.24272	val-rmse:1.23357
[500]	train-rmse:0.20740	val-rmse:0.37217
[1000]	train-rmse:0.15233	val-rmse:0.37055
[1177]	train-rmse:0.13614	val-rmse:0.37058
[0]	train-logloss:0.55004	val-logloss:0.55059
[402]	train-logloss:0.07653	val-logloss:0.14999
[0]	train_high-rmse:0.35938	val_high-rmse:0.36895
[500]	train_high-rmse:0.05401	val_high-rmse:0.16701
[552]	train_high-rmse:0.04921	val_high-rmse:0.16712
Fold 4 general RMSLE: 0.3706
Fold 4 high-tail blend RMSLE: 0.3765
--- Fold 5 ---
[0]	train-rmse:1.23407	val-rmse:1.26831
[500]	train-rmse:0.20019	val-rmse:0.40614
[645]	train-rmse:0.18172	val-rmse:0.40591
[0]	train-logloss:0.54979	val-logloss:0.55086
[304]	train-logloss:0.08400	val-logloss:0.17676
[0]	train_high-rmse:0.36030	val_high-rmse:0.36475
[500]	train_high-rmse:0.05373	val_high-rmse:0.17340
[690]	train_high-rmse:0.03756	val_high-rmse:0.17345
Fold 5 general RMSLE: 0.4059
Fold 5 high-tail blend RMSLE: 0.4054
Overall high-tail blend OOF RMSLE: 0.3848
OOF predictions saved to data/processed/oof_hightail.csv
High-tail residual band report saved to data/processed/hightail_residual_bands.csv

--- PHASE 2: Generating Base Model Test Predictions ---

==================================================
Running src/predict.py...
==================================================
Loading test data and features...
Merging test with engineered features...
Loading models and making predictions...
Saved log-space test predictions to data/processed/test_pred_lgbm.csv
Saved log-space Zindi submission to submission.csv
Successfully generated submission.csv

==================================================
Running src/predict_cat.py...
==================================================
Loading test data and features...
Merging test with engineered features...
Loading CatBoost models and making predictions...
Saved log-space test predictions to data/processed/test_pred_catboost.csv
Saved log-space Zindi submission to submission_catboost.csv
Successfully generated submission_catboost.csv

==================================================
Running src/predict_xgb.py...
==================================================
Loading test data for XGBoost inference...
Found 5 XGBoost folds for ensembling...
Saved log-space test predictions to data/processed/test_pred_xgb.csv
Saved log-space Zindi submission to submission_xgb.csv
XGBoost submission saved to submission_xgb.csv

==================================================
Running src/predict_xgb_deep.py...
==================================================
Loading test data for deep XGBoost inference...
Found 5 deep XGBoost folds for ensembling...
Saved log-space test predictions to data/processed/test_pred_xgb_deep.csv
Saved log-space Zindi submission to submission_xgb_deep.csv
Deep XGBoost submission saved to submission_xgb_deep.csv

==================================================
Running src/predict_band_moe.py...
==================================================
Loading test data and engineered features for band_moe inference...
Saved log-space test predictions to data/processed/test_pred_band_moe.csv
Saved log-space Zindi submission to submission_band_moe.csv
Band MOE submission saved to submission_band_moe.csv

==================================================
Running src/predict_rolling.py...
==================================================
Loading rolling production features and final sidecar models...
Saved log-space test predictions to data/processed/test_pred_rolling_direct.csv
Saved log-space Zindi submission to submission_rolling_direct.csv
Saved log-space test predictions to data/processed/test_pred_rolling_decomp.csv
Saved log-space Zindi submission to submission_rolling_decomp.csv
Saved log-space test predictions to data/processed/test_pred_rolling_tail200.csv
Saved log-space Zindi submission to submission_rolling_tail200.csv
Saved log-space test predictions to data/processed/test_pred_rolling_tail500.csv
Saved log-space Zindi submission to submission_rolling_tail500.csv

==================================================
Running src/predict_hightail.py...
==================================================
Loading test data and engineered features for high-tail inference...
Saved log-space test predictions to data/processed/test_pred_hightail.csv
Saved log-space Zindi submission to submission_hightail.csv
High-tail submission saved to submission_hightail.csv

--- PHASE 3: Running Stack Ablations & Generating Final Submission ---

==================================================
Running src/stacking.py...
==================================================
Loading OOF predictions and training data for stacking ablations...
Adversarial train/test classifier AUC: 0.5122; using top test-like train rows as a stack stress holdout.
High-tail correction OOF available for experimental validation.
Rolling sidecar variants available for experimental validation: Rolling direct, Rolling decomposition, Rolling high-tail >=200, Rolling high-tail >=500
Banded mixture-of-experts OOF available for experimental validation.
Event temporal OOF files exist but RUN_EVENT_TEMPORAL=1 or ALLOW_EVENT_TEMPORAL_STACK=1 is not set; skipping event_temporal stack scenarios.
Seed-bag OOF files exist but RUN_SEED_BAG=1 or ALLOW_SEED_BAG_STACK=1 is not set; skipping seed-bag stack scenarios.
No corrected PyTorch variant OOF files found; skipping PyTorch stack scenarios.
lgbm_only | LightGBM OOF RMSLE: 0.3809
lgbm_only | legacy stacked OOF RMSLE: 0.3811
lgbm_only | aligned stacked OOF RMSLE: 0.3812
lgbm_only | stack experimental weight share: 0.000, instability: 0.002
lgbm_only | adversarial holdout RMSLE: 0.3664
lgbm_catboost | LightGBM OOF RMSLE: 0.3809
lgbm_catboost | CatBoost OOF RMSLE: 0.3865
lgbm_catboost | legacy stacked OOF RMSLE: 0.3799
lgbm_catboost | aligned stacked OOF RMSLE: 0.3802
lgbm_catboost | stack experimental weight share: 0.000, instability: 0.074
lgbm_catboost | adversarial holdout RMSLE: 0.3656
lgbm_xgb | LightGBM OOF RMSLE: 0.3809
lgbm_xgb | XGBoost OOF RMSLE: 0.3829
lgbm_xgb | legacy stacked OOF RMSLE: 0.3803
lgbm_xgb | aligned stacked OOF RMSLE: 0.3804
lgbm_xgb | stack experimental weight share: 0.000, instability: 0.053
lgbm_xgb | adversarial holdout RMSLE: 0.3687
lgbm_catboost_xgb | LightGBM OOF RMSLE: 0.3809
lgbm_catboost_xgb | CatBoost OOF RMSLE: 0.3865
lgbm_catboost_xgb | XGBoost OOF RMSLE: 0.3829
lgbm_catboost_xgb | legacy stacked OOF RMSLE: 0.3798
lgbm_catboost_xgb | aligned stacked OOF RMSLE: 0.3800
lgbm_catboost_xgb | stack experimental weight share: 0.000, instability: 0.117
lgbm_catboost_xgb | adversarial holdout RMSLE: 0.3677
lgbm_catboost_xgb_xgb_deep | LightGBM OOF RMSLE: 0.3809
lgbm_catboost_xgb_xgb_deep | CatBoost OOF RMSLE: 0.3865
lgbm_catboost_xgb_xgb_deep | XGBoost OOF RMSLE: 0.3829
lgbm_catboost_xgb_xgb_deep | Deep XGBoost OOF RMSLE: 0.3827
lgbm_catboost_xgb_xgb_deep | legacy stacked OOF RMSLE: 0.3800
lgbm_catboost_xgb_xgb_deep | aligned stacked OOF RMSLE: 0.3800
lgbm_catboost_xgb_xgb_deep | stack experimental weight share: 0.226, instability: 0.122
lgbm_catboost_xgb_xgb_deep | adversarial holdout RMSLE: 0.3675
lgbm_catboost_xgb_hightail | LightGBM OOF RMSLE: 0.3809
lgbm_catboost_xgb_hightail | CatBoost OOF RMSLE: 0.3865
lgbm_catboost_xgb_hightail | XGBoost OOF RMSLE: 0.3829
lgbm_catboost_xgb_hightail | High-tail correction OOF RMSLE: 0.3848
lgbm_catboost_xgb_hightail | legacy stacked OOF RMSLE: 0.3798
lgbm_catboost_xgb_hightail | aligned stacked OOF RMSLE: 0.3800
lgbm_catboost_xgb_hightail | stack experimental weight share: 0.191, instability: 0.168
lgbm_catboost_xgb_hightail | adversarial holdout RMSLE: 0.3673
lgbm_catboost_xgb_band_moe | LightGBM OOF RMSLE: 0.3809
lgbm_catboost_xgb_band_moe | CatBoost OOF RMSLE: 0.3865
lgbm_catboost_xgb_band_moe | XGBoost OOF RMSLE: 0.3829
lgbm_catboost_xgb_band_moe | Banded mixture of experts OOF RMSLE: 0.3837
lgbm_catboost_xgb_band_moe | legacy stacked OOF RMSLE: 0.3798
lgbm_catboost_xgb_band_moe | aligned stacked OOF RMSLE: 0.3801
lgbm_catboost_xgb_band_moe | stack experimental weight share: 0.468, instability: 0.142
lgbm_catboost_xgb_band_moe | adversarial holdout RMSLE: 0.3671
lgbm_catboost_xgb_xgb_deep_band_moe | LightGBM OOF RMSLE: 0.3809
lgbm_catboost_xgb_xgb_deep_band_moe | CatBoost OOF RMSLE: 0.3865
lgbm_catboost_xgb_xgb_deep_band_moe | XGBoost OOF RMSLE: 0.3829
lgbm_catboost_xgb_xgb_deep_band_moe | Deep XGBoost OOF RMSLE: 0.3827
lgbm_catboost_xgb_xgb_deep_band_moe | Banded mixture of experts OOF RMSLE: 0.3837
lgbm_catboost_xgb_xgb_deep_band_moe | legacy stacked OOF RMSLE: 0.3800
lgbm_catboost_xgb_xgb_deep_band_moe | aligned stacked OOF RMSLE: 0.3801
lgbm_catboost_xgb_xgb_deep_band_moe | stack experimental weight share: 0.531, instability: 0.173
lgbm_catboost_xgb_xgb_deep_band_moe | adversarial holdout RMSLE: 0.3671
lgbm_catboost_xgb_xgb_deep_rolling_direct | LightGBM OOF RMSLE: 0.3809
lgbm_catboost_xgb_xgb_deep_rolling_direct | CatBoost OOF RMSLE: 0.3865
lgbm_catboost_xgb_xgb_deep_rolling_direct | XGBoost OOF RMSLE: 0.3829
lgbm_catboost_xgb_xgb_deep_rolling_direct | Deep XGBoost OOF RMSLE: 0.3827
lgbm_catboost_xgb_xgb_deep_rolling_direct | Rolling direct OOF RMSLE: 0.3831
lgbm_catboost_xgb_xgb_deep_rolling_direct | legacy stacked OOF RMSLE: 0.3752
lgbm_catboost_xgb_xgb_deep_rolling_direct | aligned stacked OOF RMSLE: 0.3752
lgbm_catboost_xgb_xgb_deep_rolling_direct | stack experimental weight share: 0.576, instability: 0.144
lgbm_catboost_xgb_xgb_deep_rolling_direct | adversarial holdout RMSLE: 0.3671
lgbm_catboost_xgb_xgb_deep_rolling_decomp | LightGBM OOF RMSLE: 0.3809
lgbm_catboost_xgb_xgb_deep_rolling_decomp | CatBoost OOF RMSLE: 0.3865
lgbm_catboost_xgb_xgb_deep_rolling_decomp | XGBoost OOF RMSLE: 0.3829
lgbm_catboost_xgb_xgb_deep_rolling_decomp | Deep XGBoost OOF RMSLE: 0.3827
lgbm_catboost_xgb_xgb_deep_rolling_decomp | Rolling decomposition OOF RMSLE: 0.3890
lgbm_catboost_xgb_xgb_deep_rolling_decomp | legacy stacked OOF RMSLE: 0.3767
lgbm_catboost_xgb_xgb_deep_rolling_decomp | aligned stacked OOF RMSLE: 0.3767
lgbm_catboost_xgb_xgb_deep_rolling_decomp | stack experimental weight share: 0.555, instability: 0.153
lgbm_catboost_xgb_xgb_deep_rolling_decomp | adversarial holdout RMSLE: 0.3689
lgbm_catboost_xgb_xgb_deep_rolling_tail200 | LightGBM OOF RMSLE: 0.3809
lgbm_catboost_xgb_xgb_deep_rolling_tail200 | CatBoost OOF RMSLE: 0.3865
lgbm_catboost_xgb_xgb_deep_rolling_tail200 | XGBoost OOF RMSLE: 0.3829
lgbm_catboost_xgb_xgb_deep_rolling_tail200 | Deep XGBoost OOF RMSLE: 0.3827
lgbm_catboost_xgb_xgb_deep_rolling_tail200 | Rolling high-tail >=200 OOF RMSLE: 0.3831
lgbm_catboost_xgb_xgb_deep_rolling_tail200 | legacy stacked OOF RMSLE: 0.3750
lgbm_catboost_xgb_xgb_deep_rolling_tail200 | aligned stacked OOF RMSLE: 0.3751
lgbm_catboost_xgb_xgb_deep_rolling_tail200 | stack experimental weight share: 0.578, instability: 0.156
lgbm_catboost_xgb_xgb_deep_rolling_tail200 | adversarial holdout RMSLE: 0.3664
lgbm_catboost_xgb_xgb_deep_rolling_tail500 | LightGBM OOF RMSLE: 0.3809
lgbm_catboost_xgb_xgb_deep_rolling_tail500 | CatBoost OOF RMSLE: 0.3865
lgbm_catboost_xgb_xgb_deep_rolling_tail500 | XGBoost OOF RMSLE: 0.3829
lgbm_catboost_xgb_xgb_deep_rolling_tail500 | Deep XGBoost OOF RMSLE: 0.3827
lgbm_catboost_xgb_xgb_deep_rolling_tail500 | Rolling high-tail >=500 OOF RMSLE: 0.3837
lgbm_catboost_xgb_xgb_deep_rolling_tail500 | legacy stacked OOF RMSLE: 0.3754
lgbm_catboost_xgb_xgb_deep_rolling_tail500 | aligned stacked OOF RMSLE: 0.3754
lgbm_catboost_xgb_xgb_deep_rolling_tail500 | stack experimental weight share: 0.575, instability: 0.147
lgbm_catboost_xgb_xgb_deep_rolling_tail500 | adversarial holdout RMSLE: 0.3690
lgbm_catboost_xgb_xgb_deep_rolling_all | LightGBM OOF RMSLE: 0.3809
lgbm_catboost_xgb_xgb_deep_rolling_all | CatBoost OOF RMSLE: 0.3865
lgbm_catboost_xgb_xgb_deep_rolling_all | XGBoost OOF RMSLE: 0.3829
lgbm_catboost_xgb_xgb_deep_rolling_all | Deep XGBoost OOF RMSLE: 0.3827
lgbm_catboost_xgb_xgb_deep_rolling_all | Rolling direct OOF RMSLE: 0.3831
lgbm_catboost_xgb_xgb_deep_rolling_all | Rolling decomposition OOF RMSLE: 0.3890
lgbm_catboost_xgb_xgb_deep_rolling_all | Rolling high-tail >=200 OOF RMSLE: 0.3831
lgbm_catboost_xgb_xgb_deep_rolling_all | Rolling high-tail >=500 OOF RMSLE: 0.3837
lgbm_catboost_xgb_xgb_deep_rolling_all | legacy stacked OOF RMSLE: 0.3750
lgbm_catboost_xgb_xgb_deep_rolling_all | aligned stacked OOF RMSLE: 0.3750
lgbm_catboost_xgb_xgb_deep_rolling_all | stack experimental weight share: 0.663, instability: 0.350
lgbm_catboost_xgb_xgb_deep_rolling_all | adversarial holdout RMSLE: 0.3670
lgbm_catboost_xgb_rolling_direct_band_moe | LightGBM OOF RMSLE: 0.3809
lgbm_catboost_xgb_rolling_direct_band_moe | CatBoost OOF RMSLE: 0.3865
lgbm_catboost_xgb_rolling_direct_band_moe | XGBoost OOF RMSLE: 0.3829
lgbm_catboost_xgb_rolling_direct_band_moe | Rolling direct OOF RMSLE: 0.3831
lgbm_catboost_xgb_rolling_direct_band_moe | Banded mixture of experts OOF RMSLE: 0.3837
lgbm_catboost_xgb_rolling_direct_band_moe | legacy stacked OOF RMSLE: 0.3756
lgbm_catboost_xgb_rolling_direct_band_moe | aligned stacked OOF RMSLE: 0.3759
lgbm_catboost_xgb_rolling_direct_band_moe | stack experimental weight share: 0.604, instability: 0.152
lgbm_catboost_xgb_rolling_direct_band_moe | adversarial holdout RMSLE: 0.3668
lgbm_catboost_xgb_rolling_decomp_band_moe | LightGBM OOF RMSLE: 0.3809
lgbm_catboost_xgb_rolling_decomp_band_moe | CatBoost OOF RMSLE: 0.3865
lgbm_catboost_xgb_rolling_decomp_band_moe | XGBoost OOF RMSLE: 0.3829
lgbm_catboost_xgb_rolling_decomp_band_moe | Rolling decomposition OOF RMSLE: 0.3890
lgbm_catboost_xgb_rolling_decomp_band_moe | Banded mixture of experts OOF RMSLE: 0.3837
lgbm_catboost_xgb_rolling_decomp_band_moe | legacy stacked OOF RMSLE: 0.3769
lgbm_catboost_xgb_rolling_decomp_band_moe | aligned stacked OOF RMSLE: 0.3772
lgbm_catboost_xgb_rolling_decomp_band_moe | stack experimental weight share: 0.609, instability: 0.159
lgbm_catboost_xgb_rolling_decomp_band_moe | adversarial holdout RMSLE: 0.3684
lgbm_catboost_xgb_rolling_tail200_band_moe | LightGBM OOF RMSLE: 0.3809
lgbm_catboost_xgb_rolling_tail200_band_moe | CatBoost OOF RMSLE: 0.3865
lgbm_catboost_xgb_rolling_tail200_band_moe | XGBoost OOF RMSLE: 0.3829
lgbm_catboost_xgb_rolling_tail200_band_moe | Rolling high-tail >=200 OOF RMSLE: 0.3831
lgbm_catboost_xgb_rolling_tail200_band_moe | Banded mixture of experts OOF RMSLE: 0.3837
lgbm_catboost_xgb_rolling_tail200_band_moe | legacy stacked OOF RMSLE: 0.3754
lgbm_catboost_xgb_rolling_tail200_band_moe | aligned stacked OOF RMSLE: 0.3757
lgbm_catboost_xgb_rolling_tail200_band_moe | stack experimental weight share: 0.599, instability: 0.157
lgbm_catboost_xgb_rolling_tail200_band_moe | adversarial holdout RMSLE: 0.3661
lgbm_catboost_xgb_rolling_tail500_band_moe | LightGBM OOF RMSLE: 0.3809
lgbm_catboost_xgb_rolling_tail500_band_moe | CatBoost OOF RMSLE: 0.3865
lgbm_catboost_xgb_rolling_tail500_band_moe | XGBoost OOF RMSLE: 0.3829
lgbm_catboost_xgb_rolling_tail500_band_moe | Rolling high-tail >=500 OOF RMSLE: 0.3837
lgbm_catboost_xgb_rolling_tail500_band_moe | Banded mixture of experts OOF RMSLE: 0.3837
lgbm_catboost_xgb_rolling_tail500_band_moe | legacy stacked OOF RMSLE: 0.3759
lgbm_catboost_xgb_rolling_tail500_band_moe | aligned stacked OOF RMSLE: 0.3760
lgbm_catboost_xgb_rolling_tail500_band_moe | stack experimental weight share: 0.598, instability: 0.149
lgbm_catboost_xgb_rolling_tail500_band_moe | adversarial holdout RMSLE: 0.3684
lgbm_catboost_xgb_rolling_all_band_moe | LightGBM OOF RMSLE: 0.3809
lgbm_catboost_xgb_rolling_all_band_moe | CatBoost OOF RMSLE: 0.3865
lgbm_catboost_xgb_rolling_all_band_moe | XGBoost OOF RMSLE: 0.3829
lgbm_catboost_xgb_rolling_all_band_moe | Rolling direct OOF RMSLE: 0.3831
lgbm_catboost_xgb_rolling_all_band_moe | Rolling decomposition OOF RMSLE: 0.3890
lgbm_catboost_xgb_rolling_all_band_moe | Rolling high-tail >=200 OOF RMSLE: 0.3831
lgbm_catboost_xgb_rolling_all_band_moe | Rolling high-tail >=500 OOF RMSLE: 0.3837
lgbm_catboost_xgb_rolling_all_band_moe | Banded mixture of experts OOF RMSLE: 0.3837
lgbm_catboost_xgb_rolling_all_band_moe | legacy stacked OOF RMSLE: 0.3754
lgbm_catboost_xgb_rolling_all_band_moe | aligned stacked OOF RMSLE: 0.3757
lgbm_catboost_xgb_rolling_all_band_moe | stack experimental weight share: 0.671, instability: 0.344
lgbm_catboost_xgb_rolling_all_band_moe | adversarial holdout RMSLE: 0.3667
lgbm_catboost_xgb_xgb_deep_rolling_direct_hightail | LightGBM OOF RMSLE: 0.3809
lgbm_catboost_xgb_xgb_deep_rolling_direct_hightail | CatBoost OOF RMSLE: 0.3865
lgbm_catboost_xgb_xgb_deep_rolling_direct_hightail | XGBoost OOF RMSLE: 0.3829
lgbm_catboost_xgb_xgb_deep_rolling_direct_hightail | Deep XGBoost OOF RMSLE: 0.3827
lgbm_catboost_xgb_xgb_deep_rolling_direct_hightail | Rolling direct OOF RMSLE: 0.3831
lgbm_catboost_xgb_xgb_deep_rolling_direct_hightail | High-tail correction OOF RMSLE: 0.3848
lgbm_catboost_xgb_xgb_deep_rolling_direct_hightail | legacy stacked OOF RMSLE: 0.3751
lgbm_catboost_xgb_xgb_deep_rolling_direct_hightail | aligned stacked OOF RMSLE: 0.3752
lgbm_catboost_xgb_xgb_deep_rolling_direct_hightail | stack experimental weight share: 0.667, instability: 0.188
lgbm_catboost_xgb_xgb_deep_rolling_direct_hightail | adversarial holdout RMSLE: 0.3668
lgbm_catboost_xgb_xgb_deep_rolling_decomp_hightail | LightGBM OOF RMSLE: 0.3809
lgbm_catboost_xgb_xgb_deep_rolling_decomp_hightail | CatBoost OOF RMSLE: 0.3865
lgbm_catboost_xgb_xgb_deep_rolling_decomp_hightail | XGBoost OOF RMSLE: 0.3829
lgbm_catboost_xgb_xgb_deep_rolling_decomp_hightail | Deep XGBoost OOF RMSLE: 0.3827
lgbm_catboost_xgb_xgb_deep_rolling_decomp_hightail | Rolling decomposition OOF RMSLE: 0.3890
lgbm_catboost_xgb_xgb_deep_rolling_decomp_hightail | High-tail correction OOF RMSLE: 0.3848
lgbm_catboost_xgb_xgb_deep_rolling_decomp_hightail | legacy stacked OOF RMSLE: 0.3766
lgbm_catboost_xgb_xgb_deep_rolling_decomp_hightail | aligned stacked OOF RMSLE: 0.3767
lgbm_catboost_xgb_xgb_deep_rolling_decomp_hightail | stack experimental weight share: 0.651, instability: 0.206
lgbm_catboost_xgb_xgb_deep_rolling_decomp_hightail | adversarial holdout RMSLE: 0.3686
lgbm_catboost_xgb_xgb_deep_rolling_tail200_hightail | LightGBM OOF RMSLE: 0.3809
lgbm_catboost_xgb_xgb_deep_rolling_tail200_hightail | CatBoost OOF RMSLE: 0.3865
lgbm_catboost_xgb_xgb_deep_rolling_tail200_hightail | XGBoost OOF RMSLE: 0.3829
lgbm_catboost_xgb_xgb_deep_rolling_tail200_hightail | Deep XGBoost OOF RMSLE: 0.3827
lgbm_catboost_xgb_xgb_deep_rolling_tail200_hightail | Rolling high-tail >=200 OOF RMSLE: 0.3831
lgbm_catboost_xgb_xgb_deep_rolling_tail200_hightail | High-tail correction OOF RMSLE: 0.3848
lgbm_catboost_xgb_xgb_deep_rolling_tail200_hightail | legacy stacked OOF RMSLE: 0.3752
lgbm_catboost_xgb_xgb_deep_rolling_tail200_hightail | aligned stacked OOF RMSLE: 0.3752
lgbm_catboost_xgb_xgb_deep_rolling_tail200_hightail | stack experimental weight share: 0.588, instability: 0.195
lgbm_catboost_xgb_xgb_deep_rolling_tail200_hightail | adversarial holdout RMSLE: 0.3665
lgbm_catboost_xgb_xgb_deep_rolling_tail500_hightail | LightGBM OOF RMSLE: 0.3809
lgbm_catboost_xgb_xgb_deep_rolling_tail500_hightail | CatBoost OOF RMSLE: 0.3865
lgbm_catboost_xgb_xgb_deep_rolling_tail500_hightail | XGBoost OOF RMSLE: 0.3829
lgbm_catboost_xgb_xgb_deep_rolling_tail500_hightail | Deep XGBoost OOF RMSLE: 0.3827
lgbm_catboost_xgb_xgb_deep_rolling_tail500_hightail | Rolling high-tail >=500 OOF RMSLE: 0.3837
lgbm_catboost_xgb_xgb_deep_rolling_tail500_hightail | High-tail correction OOF RMSLE: 0.3848
lgbm_catboost_xgb_xgb_deep_rolling_tail500_hightail | legacy stacked OOF RMSLE: 0.3754
lgbm_catboost_xgb_xgb_deep_rolling_tail500_hightail | aligned stacked OOF RMSLE: 0.3754
lgbm_catboost_xgb_xgb_deep_rolling_tail500_hightail | stack experimental weight share: 0.666, instability: 0.197
lgbm_catboost_xgb_xgb_deep_rolling_tail500_hightail | adversarial holdout RMSLE: 0.3686
lgbm_catboost_xgb_xgb_deep_rolling_all_hightail | LightGBM OOF RMSLE: 0.3809
lgbm_catboost_xgb_xgb_deep_rolling_all_hightail | CatBoost OOF RMSLE: 0.3865
lgbm_catboost_xgb_xgb_deep_rolling_all_hightail | XGBoost OOF RMSLE: 0.3829
lgbm_catboost_xgb_xgb_deep_rolling_all_hightail | Deep XGBoost OOF RMSLE: 0.3827
lgbm_catboost_xgb_xgb_deep_rolling_all_hightail | Rolling direct OOF RMSLE: 0.3831
lgbm_catboost_xgb_xgb_deep_rolling_all_hightail | Rolling decomposition OOF RMSLE: 0.3890
lgbm_catboost_xgb_xgb_deep_rolling_all_hightail | Rolling high-tail >=200 OOF RMSLE: 0.3831
lgbm_catboost_xgb_xgb_deep_rolling_all_hightail | Rolling high-tail >=500 OOF RMSLE: 0.3837
lgbm_catboost_xgb_xgb_deep_rolling_all_hightail | High-tail correction OOF RMSLE: 0.3848
lgbm_catboost_xgb_xgb_deep_rolling_all_hightail | legacy stacked OOF RMSLE: 0.3751
lgbm_catboost_xgb_xgb_deep_rolling_all_hightail | aligned stacked OOF RMSLE: 0.3751
lgbm_catboost_xgb_xgb_deep_rolling_all_hightail | stack experimental weight share: 0.691, instability: 0.383
lgbm_catboost_xgb_xgb_deep_rolling_all_hightail | adversarial holdout RMSLE: 0.3671
Stack weight stability report saved to data/processed/stack_weight_stability_report.csv
Public alignment calibration report saved to data/processed/public_alignment_report.csv
Candidate validation report saved to data/processed/stack_candidate_validation.csv
Shared validation report saved to data/processed/validation_report.csv
Candidate residual bands saved to data/processed/stack_candidate_residual_bands.csv
Experimental stacks are locked. Defaulting final submission to lgbm_catboost_xgb. Set ALLOW_EXPERIMENTAL_STACK=1 to let guarded experimental candidates overwrite submission_stacked.csv.

Stacking ablation scores:
                                           scenario                                                                                            models    rmsle  legacy_oof_rmsle  adversarial_train_test_auc  adversarial_holdout_rmsle  adversarial_holdout_rows  stack_weight_abs_sum  stack_coef_instability  stack_max_abs_weight  stack_rolling_weight_share  stack_experimental_weight_share  stack_negative_weight_count stack_dominant_feature validation_strategy  validation_repeats  includes_pytorch  includes_hightail  includes_rolling  includes_seedbag  includes_event_temporal  includes_experimental  selected
             lgbm_catboost_xgb_xgb_deep_rolling_all          lgbm,catboost,xgb,xgb_deep,rolling_direct,rolling_decomp,rolling_tail200,rolling_tail500 0.375037          0.375014                    0.512227                   0.367007                      1674              1.458993                0.349827              0.347574                    0.556465                         0.662718                            2   pred_rolling_tail200 stratified_activity                   1             False              False              True             False                    False                   True     False
    lgbm_catboost_xgb_xgb_deep_rolling_all_hightail lgbm,catboost,xgb,xgb_deep,rolling_direct,rolling_decomp,rolling_tail200,rolling_tail500,hightail 0.375068          0.375079                    0.512227                   0.367064                      1674              1.469586                0.383234              0.298651                    0.546179                         0.691060                            2   pred_rolling_tail200 stratified_activity                   1             False               True              True             False                    False                   True     False
         lgbm_catboost_xgb_xgb_deep_rolling_tail200                                                        lgbm,catboost,xgb,xgb_deep,rolling_tail200 0.375073          0.375007                    0.512227                   0.366387                      1674              1.121662                0.156414              0.483911                    0.430283                         0.577541                            1   pred_rolling_tail200 stratified_activity                   1             False              False              True             False                    False                   True     False
lgbm_catboost_xgb_xgb_deep_rolling_tail200_hightail                                               lgbm,catboost,xgb,xgb_deep,rolling_tail200,hightail 0.375161          0.375154                    0.512227                   0.366453                      1674              1.127170                0.195026              0.484631                    0.418248                         0.587947                            2   pred_rolling_tail200 stratified_activity                   1             False               True              True             False                    False                   True     False
          lgbm_catboost_xgb_xgb_deep_rolling_direct                                                         lgbm,catboost,xgb,xgb_deep,rolling_direct 0.375228          0.375223                    0.512227                   0.367142                      1674              1.137525                0.143652              0.489430                    0.431862                         0.576266                            1    pred_rolling_direct stratified_activity                   1             False              False              True             False                    False                   True     False
 lgbm_catboost_xgb_xgb_deep_rolling_direct_hightail                                                lgbm,catboost,xgb,xgb_deep,rolling_direct,hightail 0.375232          0.375146                    0.512227                   0.366795                      1674              1.180226                0.188302              0.489098                    0.416958                         0.666988                            1    pred_rolling_direct stratified_activity                   1             False               True              True             False                    False                   True     False
lgbm_catboost_xgb_xgb_deep_rolling_tail500_hightail                                               lgbm,catboost,xgb,xgb_deep,rolling_tail500,hightail 0.375376          0.375420                    0.512227                   0.368645                      1674              1.159768                0.197051              0.465359                    0.403706                         0.665693                            1   pred_rolling_tail500 stratified_activity                   1             False               True              True             False                    False                   True     False
         lgbm_catboost_xgb_xgb_deep_rolling_tail500                                                        lgbm,catboost,xgb,xgb_deep,rolling_tail500 0.375380          0.375437                    0.512227                   0.369023                      1674              1.114455                0.146524              0.464760                    0.416620                         0.574684                            1   pred_rolling_tail500 stratified_activity                   1             False              False              True             False                    False                   True     False
             lgbm_catboost_xgb_rolling_all_band_moe          lgbm,catboost,xgb,rolling_direct,rolling_decomp,rolling_tail200,rolling_tail500,band_moe 0.375674          0.375384                    0.512227                   0.366703                      1674              1.489362                0.344251              0.303840                    0.488268                         0.670613                            2   pred_rolling_tail200 stratified_activity                   1             False              False              True             False                    False                   True     False
         lgbm_catboost_xgb_rolling_tail200_band_moe                                                        lgbm,catboost,xgb,rolling_tail200,band_moe 0.375707          0.375421                    0.512227                   0.366084                      1674              1.187304                0.157219              0.426141                    0.361837                         0.598750                            1   pred_rolling_tail200 stratified_activity                   1             False              False              True             False                    False                   True     False
          lgbm_catboost_xgb_rolling_direct_band_moe                                                         lgbm,catboost,xgb,rolling_direct,band_moe 0.375867          0.375606                    0.512227                   0.366844                      1674              1.210732                0.152021              0.431278                    0.359284                         0.603573                            1    pred_rolling_direct stratified_activity                   1             False              False              True             False                    False                   True     False
         lgbm_catboost_xgb_rolling_tail500_band_moe                                                        lgbm,catboost,xgb,rolling_tail500,band_moe 0.376018          0.375855                    0.512227                   0.368417                      1674              1.186895                0.149466              0.404329                    0.343591                         0.597527                            1   pred_rolling_tail500 stratified_activity                   1             False              False              True             False                    False                   True     False
 lgbm_catboost_xgb_xgb_deep_rolling_decomp_hightail                                                lgbm,catboost,xgb,xgb_deep,rolling_decomp,hightail 0.376695          0.376645                    0.512227                   0.368577                      1674              1.088431                0.206219              0.424039                    0.386665                         0.651310                            1    pred_rolling_decomp stratified_activity                   1             False               True              True             False                    False                   True     False
          lgbm_catboost_xgb_xgb_deep_rolling_decomp                                                         lgbm,catboost,xgb,xgb_deep,rolling_decomp 0.376705          0.376699                    0.512227                   0.368896                      1674              1.051169                0.152898              0.425547                    0.398536                         0.555191                            1    pred_rolling_decomp stratified_activity                   1             False              False              True             False                    False                   True     False
          lgbm_catboost_xgb_rolling_decomp_band_moe                                                         lgbm,catboost,xgb,rolling_decomp,band_moe 0.377222          0.376948                    0.512227                   0.368371                      1674              1.132897                0.159024              0.365463                    0.323415                         0.608969                            1    pred_rolling_decomp stratified_activity                   1             False              False              True             False                    False                   True     False
                                  lgbm_catboost_xgb                                                                                 lgbm,catboost,xgb 0.380002          0.379758                    0.512227                   0.367683                      1674              1.012511                0.116645              0.440490                    0.000000                         0.000000                            0               pred_xgb stratified_activity                   1             False              False             False             False                    False                  False      True
                         lgbm_catboost_xgb_xgb_deep                                                                        lgbm,catboost,xgb,xgb_deep 0.380023          0.379956                    0.512227                   0.367508                      1674              1.012477                0.122379              0.338802                    0.000000                         0.226222                            0              pred_lgbm stratified_activity                   1             False              False             False             False                    False                   True     False
                         lgbm_catboost_xgb_hightail                                                                        lgbm,catboost,xgb,hightail 0.380027          0.379800                    0.512227                   0.367302                      1674              1.011557                0.168202              0.346125                    0.000000                         0.190669                            0              pred_lgbm stratified_activity                   1             False               True             False             False                    False                   True     False
                lgbm_catboost_xgb_xgb_deep_band_moe                                                               lgbm,catboost,xgb,xgb_deep,band_moe 0.380063          0.380006                    0.512227                   0.367077                      1674              1.013692                0.173069              0.468736                    0.000000                         0.531313                            0          pred_band_moe stratified_activity                   1             False              False             False             False                    False                   True     False
                         lgbm_catboost_xgb_band_moe                                                                        lgbm,catboost,xgb,band_moe 0.380104          0.379800                    0.512227                   0.367142                      1674              1.013682                0.141761              0.474744                    0.000000                         0.468290                            0          pred_band_moe stratified_activity                   1             False              False             False             False                    False                   True     False
                                      lgbm_catboost                                                                                     lgbm,catboost 0.380155          0.379899                    0.512227                   0.365585                      1674              1.012603                0.073514              0.683976                    0.000000                         0.000000                            0              pred_lgbm stratified_activity                   1             False              False             False             False                    False                  False     False
                                           lgbm_xgb                                                                                          lgbm,xgb 0.380366          0.380335                    0.512227                   0.368693                      1674              1.012422                0.053198              0.558994                    0.000000                         0.000000                            0               pred_xgb stratified_activity                   1             False              False             False             False                    False                  False     False
                                          lgbm_only                                                                                              lgbm 0.381183          0.381107                    0.512227                   0.366424                      1674              1.012605                0.001639              1.012605                    0.000000                         0.000000                            0              pred_lgbm stratified_activity                   1             False              False             False             False                    False                  False     False

Selected stack: lgbm_catboost_xgb (0.3800 RMSLE)
Selected stack OOF predictions saved to data/processed/oof_stack_lgbm_catboost_xgb.csv
Selected stack residual band report saved to data/processed/stack_selected_residual_bands.csv
Final stack weights:
  pred_lgbm: 0.3791
  pred_catboost: 0.1933
  pred_xgb: 0.4401
  intercept: -0.0566
Saved log-space test predictions to data/processed/test_pred_stacked.csv
Saved log-space Zindi submission to submission_stacked_no_pytorch.csv
Submission manifest updated at data/processed/submission_manifest.csv
Also wrote selected stack to submission_stacked.csv

--- PHASE 4: Validation, Interval, Anomaly & Drift Diagnostics ---

==================================================
Running src/diagnostics.py...
==================================================
Residual calibration report saved to data/processed/residual_calibration_report.csv
OOF prediction interval diagnostics saved to data/processed/prediction_intervals_oof.csv
Residual anomaly diagnostic scores saved to data/processed/anomaly_scores_train.csv
Train/test drift report saved to data/processed/drift_report.csv

Pipeline completed! The selected stack submission is saved as 'submission_stacked.csv'.
